Info: Starting: Create simulation model
Info: qsys-generate /home/user/QuartusProjects/Guitar-Processor-FPGA/ADC_driver.qsys --simulation=VERILOG --allow-mixed-language-simulation --output-directory=/home/user/QuartusProjects/Guitar-Processor-FPGA/IP/ADC_driver/simulation --family="MAX 10" --part=10M50DAF484C7G
Progress: Loading Guitar-Processor-FPGA/ADC_driver.qsys
Progress: Reading input file
Progress: Adding modular_adc_0 [altera_modular_adc 21.1]
Progress: Parameterizing module modular_adc_0
Progress: Building connections
Progress: Parameterizing connections
Progress: Validating
Progress: Done reading input file
Warning: ADC_driver.modular_adc_0.adc_monitor_internal.core: Unknown clock rate; 10.0 ms startup delay will be computed assuming a clock rate of 50MHz.
Info: ADC_driver.modular_adc_0.control_internal.response/st_splitter_internal.in: The sink has a empty signal of 1 bits, but the source does not. Avalon-ST Adapter will be inserted.
Info: ADC_driver.modular_adc_0.st_splitter_internal.out1/adc_monitor_internal.adc_data: The source has a empty signal of 1 bits, but the sink does not. Avalon-ST Adapter will be inserted.
Info: ADC_driver: Generating ADC_driver "ADC_driver" for SIM_VERILOG
Info: avalon_st_adapter: Inserting data_format_adapter: data_format_adapter_0
Info: avalon_st_adapter: Inserting timing_adapter: timing_adapter_0
Info: avalon_st_adapter: Inserting timing_adapter: timing_adapter_1
Info: avalon_st_adapter_001: Inserting data_format_adapter: data_format_adapter_0
Info: avalon_st_adapter_001: Inserting timing_adapter: timing_adapter_0
Info: avalon_st_adapter_001: Inserting timing_adapter: timing_adapter_1
Info: modular_adc_0: "ADC_driver" instantiated altera_modular_adc "modular_adc_0"
Info: control_internal: "modular_adc_0" instantiated altera_modular_adc_control "control_internal"
Info: adc_monitor_internal: "modular_adc_0" instantiated altera_trace_adc_monitor "adc_monitor_internal"
Info: sequencer_internal: "modular_adc_0" instantiated altera_modular_adc_sequencer "sequencer_internal"
Info: st_splitter_internal: "modular_adc_0" instantiated altera_avalon_st_splitter "st_splitter_internal"
Info: avalon_st_adapter: "modular_adc_0" instantiated altera_avalon_st_adapter "avalon_st_adapter"
Info: avalon_st_adapter_001: "modular_adc_0" instantiated altera_avalon_st_adapter "avalon_st_adapter_001"
Info: altera_trace_adc_monitor_wa_inst: "Generating: altera_trace_adc_monitor_wa_inst"
Info: core: "adc_monitor_internal" instantiated altera_trace_adc_monitor_core "core"
Info: trace_endpoint: "adc_monitor_internal" instantiated altera_trace_monitor_endpoint "trace_endpoint"
Info: rst_controller: "adc_monitor_internal" instantiated altera_reset_controller "rst_controller"
Info: data_format_adapter_0: "avalon_st_adapter" instantiated data_format_adapter "data_format_adapter_0"
Info: timing_adapter_0: "avalon_st_adapter" instantiated timing_adapter "timing_adapter_0"
Info: timing_adapter_1: "avalon_st_adapter" instantiated timing_adapter "timing_adapter_1"
Info: data_format_adapter_0: "avalon_st_adapter_001" instantiated data_format_adapter "data_format_adapter_0"
Info: timing_adapter_0: "avalon_st_adapter_001" instantiated timing_adapter "timing_adapter_0"
Info: timing_adapter_1: "avalon_st_adapter_001" instantiated timing_adapter "timing_adapter_1"
Info: altera_trace_adc_monitor_wa_inst: "core" instantiated altera_trace_adc_monitor_core "altera_trace_adc_monitor_wa_inst"
Info: altera_trace_adc_monitor_wa_inst: "altera_trace_adc_monitor_wa_inst" instantiated altera_trace_adc_monitor_wa "altera_trace_adc_monitor_wa_inst"
Info: ADC_driver: Done "ADC_driver" with 19 modules, 28 files
Info: qsys-generate succeeded.
Info: Finished: Create simulation model
Info: Starting: Create Modelsim Project.
Info: sim-script-gen --spd=/home/user/QuartusProjects/Guitar-Processor-FPGA/IP/ADC_driver/ADC_driver.spd --output-directory=/home/user/QuartusProjects/Guitar-Processor-FPGA/IP/ADC_driver/simulation/ --use-relative-paths=true
Info: Doing: ip-make-simscript --spd=/home/user/QuartusProjects/Guitar-Processor-FPGA/IP/ADC_driver/ADC_driver.spd --output-directory=/home/user/QuartusProjects/Guitar-Processor-FPGA/IP/ADC_driver/simulation/ --use-relative-paths=true
Info: Generating the following file(s) for MODELSIM simulator in /home/user/QuartusProjects/Guitar-Processor-FPGA/IP/ADC_driver/simulation/ directory:
Info: 	mentor/msim_setup.tcl
Info: Generating the following file(s) for VCS simulator in /home/user/QuartusProjects/Guitar-Processor-FPGA/IP/ADC_driver/simulation/ directory:
Info: 	synopsys/vcs/vcs_setup.sh
Info: Generating the following file(s) for VCSMX simulator in /home/user/QuartusProjects/Guitar-Processor-FPGA/IP/ADC_driver/simulation/ directory:
Info: 	synopsys/vcsmx/synopsys_sim.setup
Info: 	synopsys/vcsmx/vcsmx_setup.sh
Info: Generating the following file(s) for NCSIM simulator in /home/user/QuartusProjects/Guitar-Processor-FPGA/IP/ADC_driver/simulation/ directory:
Info: 	cadence/cds.lib
Info: 	cadence/hdl.var
Info: 	cadence/ncsim_setup.sh
Info: 	14 .cds.lib files in cadence/cds_libs/ directory
Info: Generating the following file(s) for RIVIERA simulator in /home/user/QuartusProjects/Guitar-Processor-FPGA/IP/ADC_driver/simulation/ directory:
Info: 	aldec/rivierapro_setup.tcl
Info: For information on how to simulate your IP, see the explanatory comments in the simulator-specific subdirectories under /home/user/QuartusProjects/Guitar-Processor-FPGA/IP/ADC_driver/simulation/.
Info: Regenerate these scripts whenever you make any change to any Quartus-generated IP in your project.
Info: Finished: Create Modelsim Project.
Info: Starting: Create block symbol file (.bsf)
Info: qsys-generate /home/user/QuartusProjects/Guitar-Processor-FPGA/ADC_driver.qsys --block-symbol-file --output-directory=/home/user/QuartusProjects/Guitar-Processor-FPGA/IP/ADC_driver --family="MAX 10" --part=10M50DAF484C7G
Progress: Loading Guitar-Processor-FPGA/ADC_driver.qsys
Progress: Reading input file
Progress: Adding modular_adc_0 [altera_modular_adc 21.1]
Progress: Parameterizing module modular_adc_0
Progress: Building connections
Progress: Parameterizing connections
Progress: Validating
Progress: Done reading input file
Warning: ADC_driver.modular_adc_0.adc_monitor_internal.core: Unknown clock rate; 10.0 ms startup delay will be computed assuming a clock rate of 50MHz.
Info: ADC_driver.modular_adc_0.control_internal.response/st_splitter_internal.in: The sink has a empty signal of 1 bits, but the source does not. Avalon-ST Adapter will be inserted.
Info: ADC_driver.modular_adc_0.st_splitter_internal.out1/adc_monitor_internal.adc_data: The source has a empty signal of 1 bits, but the sink does not. Avalon-ST Adapter will be inserted.
Info: qsys-generate succeeded.
Info: Finished: Create block symbol file (.bsf)
Info: 
Info: Starting: Create HDL design files for synthesis
Info: qsys-generate /home/user/QuartusProjects/Guitar-Processor-FPGA/ADC_driver.qsys --synthesis=VERILOG --output-directory=/home/user/QuartusProjects/Guitar-Processor-FPGA/IP/ADC_driver/synthesis --family="MAX 10" --part=10M50DAF484C7G
Progress: Loading Guitar-Processor-FPGA/ADC_driver.qsys
Progress: Reading input file
Progress: Adding modular_adc_0 [altera_modular_adc 21.1]
Progress: Parameterizing module modular_adc_0
Progress: Building connections
Progress: Parameterizing connections
Progress: Validating
Progress: Done reading input file
Warning: ADC_driver.modular_adc_0.adc_monitor_internal.core: Unknown clock rate; 10.0 ms startup delay will be computed assuming a clock rate of 50MHz.
Info: ADC_driver.modular_adc_0.control_internal.response/st_splitter_internal.in: The sink has a empty signal of 1 bits, but the source does not. Avalon-ST Adapter will be inserted.
Info: ADC_driver.modular_adc_0.st_splitter_internal.out1/adc_monitor_internal.adc_data: The source has a empty signal of 1 bits, but the sink does not. Avalon-ST Adapter will be inserted.
Info: ADC_driver: Generating ADC_driver "ADC_driver" for QUARTUS_SYNTH
Info: avalon_st_adapter: Inserting data_format_adapter: data_format_adapter_0
Info: avalon_st_adapter: Inserting timing_adapter: timing_adapter_0
Info: avalon_st_adapter: Inserting timing_adapter: timing_adapter_1
Info: avalon_st_adapter_001: Inserting data_format_adapter: data_format_adapter_0
Info: avalon_st_adapter_001: Inserting timing_adapter: timing_adapter_0
Info: avalon_st_adapter_001: Inserting timing_adapter: timing_adapter_1
Info: modular_adc_0: "ADC_driver" instantiated altera_modular_adc "modular_adc_0"
Info: control_internal: "modular_adc_0" instantiated altera_modular_adc_control "control_internal"
Info: adc_monitor_internal: "modular_adc_0" instantiated altera_trace_adc_monitor "adc_monitor_internal"
Info: sequencer_internal: "modular_adc_0" instantiated altera_modular_adc_sequencer "sequencer_internal"
Info: st_splitter_internal: "modular_adc_0" instantiated altera_avalon_st_splitter "st_splitter_internal"
Info: avalon_st_adapter: "modular_adc_0" instantiated altera_avalon_st_adapter "avalon_st_adapter"
Info: avalon_st_adapter_001: "modular_adc_0" instantiated altera_avalon_st_adapter "avalon_st_adapter_001"
Info: altera_trace_adc_monitor_wa_inst: "Generating: altera_trace_adc_monitor_wa_inst"
Info: core: "adc_monitor_internal" instantiated altera_trace_adc_monitor_core "core"
Info: trace_endpoint: "adc_monitor_internal" instantiated altera_trace_monitor_endpoint "trace_endpoint"
Info: rst_controller: "adc_monitor_internal" instantiated altera_reset_controller "rst_controller"
Info: data_format_adapter_0: "avalon_st_adapter" instantiated data_format_adapter "data_format_adapter_0"
Info: timing_adapter_0: "avalon_st_adapter" instantiated timing_adapter "timing_adapter_0"
Info: timing_adapter_1: "avalon_st_adapter" instantiated timing_adapter "timing_adapter_1"
Info: data_format_adapter_0: "avalon_st_adapter_001" instantiated data_format_adapter "data_format_adapter_0"
Info: timing_adapter_0: "avalon_st_adapter_001" instantiated timing_adapter "timing_adapter_0"
Info: timing_adapter_1: "avalon_st_adapter_001" instantiated timing_adapter "timing_adapter_1"
Info: altera_trace_adc_monitor_wa_inst: "core" instantiated altera_trace_adc_monitor_core "altera_trace_adc_monitor_wa_inst"
Info: altera_trace_adc_monitor_wa_inst: "altera_trace_adc_monitor_wa_inst" instantiated altera_trace_adc_monitor_wa "altera_trace_adc_monitor_wa_inst"
Info: ADC_driver: Done "ADC_driver" with 19 modules, 29 files
Info: qsys-generate succeeded.
Info: Finished: Create HDL design files for synthesis
