#! /usr/bin/vvp
:ivl_version "11.0 (stable)";
:ivl_delay_selection "TYPICAL";
:vpi_time_precision + 0;
:vpi_module "/usr/lib/x86_64-linux-gnu/ivl/system.vpi";
:vpi_module "/usr/lib/x86_64-linux-gnu/ivl/vhdl_sys.vpi";
:vpi_module "/usr/lib/x86_64-linux-gnu/ivl/vhdl_textio.vpi";
:vpi_module "/usr/lib/x86_64-linux-gnu/ivl/v2005_math.vpi";
:vpi_module "/usr/lib/x86_64-linux-gnu/ivl/va_math.vpi";
:vpi_module "/usr/lib/x86_64-linux-gnu/ivl/v2009.vpi";
S_0x559899592950 .scope package, "$unit" "$unit" 2 1;
 .timescale 0 0;
S_0x55989958dbd0 .scope module, "testbench" "testbench" 3 7;
 .timescale 0 0;
P_0x55989958d6f0 .param/l "SLEN" 1 3 8, +C4<00000000000000000000000000010000>;
P_0x55989958d730 .param/l "TIMEOUT" 1 3 61, +C4<00000000000000000001001110001000>;
v0x5598995d3ad0_0 .var "arg_cnt", 32 0;
v0x5598995d3bd0_0 .var "clk", 0 0;
v0x5598995d3c90_0 .var/2u "cycle", 31 0;
v0x5598995d3d30_0 .var "n_cycles", 32 0;
v0x5598995d3e10_0 .var/queue "queue", 16;
v0x5598995d3f00_0 .var "res_cnt", 32 0;
v0x5598995d3fe0_0 .var "rst", 0 0;
v0x5598995d40a0_0 .var "sample_in", 15 0;
v0x5598995d41b0_0 .net "sample_out", 15 0, L_0x55989958d780;  1 drivers
v0x5598995d4300_0 .var "was_reset", 0 0;
S_0x55989955bd40 .scope begin, "$ivl_for_loop1" "$ivl_for_loop1" 3 246, 3 246 0, S_0x55989958dbd0;
 .timescale 0 0;
v0x55989958b030_0 .var/2s "i", 31 0;
S_0x5598995d05c0 .scope module, "dut" "effects_pipline" 3 24, 4 1 0, S_0x55989958dbd0;
 .timescale 0 0;
    .port_info 0 /INPUT 1 "clk";
    .port_info 1 /INPUT 11 "gain_value";
    .port_info 2 /INPUT 16 "sample";
    .port_info 3 /OUTPUT 16 "out_sample";
P_0x5598995d07c0 .param/l "bits_per_level" 0 4 2, +C4<00000000000000000000000000001100>;
L_0x55989958d780 .functor BUFZ 16, v0x559899592740_0, C4<0000000000000000>, C4<0000000000000000>, C4<0000000000000000>;
L_0x7fec06f86060 .functor BUFT 1, C4<0000000000010100>, C4<0>, C4<0>, C4<0>;
v0x5598995d2b30_0 .net *"_ivl_2", 15 0, L_0x7fec06f86060;  1 drivers
v0x5598995d2c10_0 .net "clk", 0 0, v0x5598995d3bd0_0;  1 drivers
v0x5598995d2d20_0 .net/2s "distortion_in", 15 0, L_0x5598995d43c0;  1 drivers
v0x5598995d2e10_0 .net/2s "gain", 15 0, L_0x5598995d4480;  1 drivers
L_0x7fec06f86018 .functor BUFT 1, C4<00000010100>, C4<0>, C4<0>, C4<0>;
v0x5598995d2f00_0 .net "gain_value", 10 0, L_0x7fec06f86018;  1 drivers
v0x5598995d3030_0 .net "gate1_value", 15 0, v0x5598995d0fe0_0;  1 drivers
v0x5598995d30f0_0 .net "gate2_in", 15 0, L_0x5598995d4c80;  1 drivers
v0x5598995d31e0_0 .net "gate2_value", 15 0, v0x559899592740_0;  1 drivers
v0x5598995d32a0_0 .net "out_sample", 15 0, L_0x55989958d780;  alias, 1 drivers
v0x5598995d3360_0 .net "sample", 15 0, v0x5598995d40a0_0;  1 drivers
L_0x5598995d43c0 .cast/2 16, v0x5598995d0fe0_0;
L_0x5598995d4480 .cast/2 16, L_0x7fec06f86060;
S_0x5598995d0860 .scope module, "gate2" "latch16" 4 31, 5 1 0, S_0x5598995d05c0;
 .timescale 0 0;
    .port_info 0 /INPUT 1 "clk";
    .port_info 1 /INPUT 16 "data";
    .port_info 2 /OUTPUT 16 "out";
v0x5598995897c0_0 .net "clk", 0 0, v0x5598995d3bd0_0;  alias, 1 drivers
v0x559899589be0_0 .net "data", 15 0, L_0x5598995d4c80;  alias, 1 drivers
v0x55989958cee0_0 .net "out", 15 0, v0x559899592740_0;  alias, 1 drivers
v0x559899592740_0 .var "reg_data", 15 0;
E_0x559899598920 .event posedge, v0x5598995897c0_0;
S_0x5598995d0c50 .scope module, "i_ff_in" "latch16" 4 12, 5 1 0, S_0x5598995d05c0;
 .timescale 0 0;
    .port_info 0 /INPUT 1 "clk";
    .port_info 1 /INPUT 16 "data";
    .port_info 2 /OUTPUT 16 "out";
v0x559899592150_0 .net "clk", 0 0, v0x5598995d3bd0_0;  alias, 1 drivers
v0x55989958d810_0 .net "data", 15 0, v0x5598995d40a0_0;  alias, 1 drivers
v0x5598995d0ef0_0 .net "out", 15 0, v0x5598995d0fe0_0;  alias, 1 drivers
v0x5598995d0fe0_0 .var "reg_data", 15 0;
S_0x5598995d1140 .scope module, "m_distr" "distortion" 4 25, 6 1 0, S_0x5598995d05c0;
 .timescale 0 0;
    .port_info 0 /INPUT 16 "in_signal";
    .port_info 1 /INPUT 16 "gain";
    .port_info 2 /OUTPUT 16 "out_signal";
P_0x5598995d1350 .param/l "bits_per_level" 0 6 2, +C4<00000000000000000000000000001100>;
v0x5598995d2700_0 .net/2s "clamped_signal", 31 0, v0x5598995d18d0_0;  1 drivers
v0x5598995d27c0_0 .net/2s "gain", 15 0, L_0x5598995d4480;  alias, 1 drivers
v0x5598995d2860_0 .net/2s "in_signal", 15 0, L_0x5598995d43c0;  alias, 1 drivers
v0x5598995d2960_0 .net/2s "out_signal", 15 0, L_0x5598995d4c80;  alias, 1 drivers
v0x5598995d2a30_0 .net/2s "signal", 31 0, L_0x559899589a40;  1 drivers
L_0x5598995d4c80 .part v0x5598995d18d0_0, 0, 16;
S_0x5598995d1470 .scope module, "m_clamp" "distortion_clamp" 6 14, 7 1 0, S_0x5598995d1140;
 .timescale 0 0;
    .port_info 0 /INPUT 32 "x";
    .port_info 1 /OUTPUT 32 "out";
P_0x55989955d620 .param/l "bits_per_level" 0 7 2, +C4<00000000000000000000000000001100>;
P_0x55989955d660 .param/l "half_level" 1 7 9, +C4<00000000000000000000000000000000100000000000>;
P_0x55989955d6a0 .param/l "one_level" 1 7 8, +C4<00000000000000000000000000000001000000000000>;
v0x5598995d17d0_0 .net/2s "dx", 31 0, L_0x559899589a40;  alias, 1 drivers
v0x5598995d18d0_0 .var/2s "out", 31 0;
v0x5598995d19b0_0 .net/2s "x", 31 0, L_0x559899589a40;  alias, 1 drivers
E_0x55989957ff30 .event edge, v0x5598995d17d0_0;
S_0x5598995d1af0 .scope module, "m_gain" "gain" 6 11, 8 1 0, S_0x5598995d1140;
 .timescale 0 0;
    .port_info 0 /INPUT 16 "a";
    .port_info 1 /INPUT 16 "b";
    .port_info 2 /OUTPUT 32 "res";
P_0x5598995d1cd0 .param/l "bits_per_level" 0 8 2, +C4<00000000000000000000000000001100>;
L_0x559899589a40 .functor BUFZ 32, L_0x5598995d4ac0, C4<00000000000000000000000000000000>, C4<00000000000000000000000000000000>, C4<00000000000000000000000000000000>;
v0x5598995d1df0_0 .net/2s *"_ivl_0", 31 0, L_0x5598995d4520;  1 drivers
v0x5598995d1ef0_0 .net/2s *"_ivl_2", 31 0, L_0x5598995d4680;  1 drivers
v0x5598995d1fd0_0 .net/s *"_ivl_5", 31 0, L_0x5598995d47e0;  1 drivers
v0x5598995d20c0_0 .net *"_ivl_6", 31 0, L_0x5598995d49d0;  1 drivers
v0x5598995d21a0_0 .net *"_ivl_8", 19 0, L_0x5598995d48b0;  1 drivers
v0x5598995d22d0_0 .net/2s "a", 15 0, L_0x5598995d43c0;  alias, 1 drivers
v0x5598995d23b0_0 .net/2s "b", 15 0, L_0x5598995d4480;  alias, 1 drivers
v0x5598995d2490_0 .net/2s "res", 31 0, L_0x559899589a40;  alias, 1 drivers
v0x5598995d25a0_0 .net/2s "t", 31 0, L_0x5598995d4ac0;  1 drivers
L_0x5598995d4520 .extend/s 32, L_0x5598995d43c0;
L_0x5598995d4680 .extend/s 32, L_0x5598995d4480;
L_0x5598995d47e0 .arith/mult 32, L_0x5598995d4520, L_0x5598995d4680;
L_0x5598995d48b0 .part L_0x5598995d47e0, 12, 20;
L_0x5598995d49d0 .extend/s 32, L_0x5598995d48b0;
L_0x5598995d4ac0 .cast/2 32, L_0x5598995d49d0;
S_0x5598995d3480 .scope task, "reset" "reset" 3 48, 3 48 0, S_0x55989958dbd0;
 .timescale 0 0;
TD_testbench.reset ;
    %pushi/vec4 1, 1, 1;
    %assign/vec4 v0x5598995d3fe0_0, 0;
    %pushi/vec4 3, 0, 32;
T_0.0 %dup/vec4;
    %pushi/vec4 0, 0, 32;
    %cmp/s;
    %jmp/1xz T_0.1, 5;
    %jmp/1 T_0.1, 4;
    %pushi/vec4 1, 0, 32;
    %sub;
    %wait E_0x559899598920;
    %jmp T_0.0;
T_0.1 ;
    %pop/vec4 1;
    %pushi/vec4 1, 0, 1;
    %assign/vec4 v0x5598995d3fe0_0, 0;
    %pushi/vec4 3, 0, 32;
T_0.2 %dup/vec4;
    %pushi/vec4 0, 0, 32;
    %cmp/s;
    %jmp/1xz T_0.3, 5;
    %jmp/1 T_0.3, 4;
    %pushi/vec4 1, 0, 32;
    %sub;
    %wait E_0x559899598920;
    %jmp T_0.2;
T_0.3 ;
    %pop/vec4 1;
    %pushi/vec4 0, 0, 1;
    %assign/vec4 v0x5598995d3fe0_0, 0;
    %end;
S_0x5598995d3610 .scope task, "run" "run" 3 63, 3 63 0, S_0x55989958dbd0;
 .timescale 0 0;
TD_testbench.run ;
    %vpi_call/w 3 65 "$display", "--------------------------------------------------" {0 0 0};
    %vpi_call/w 3 66 "$display", "Running %m" {0 0 0};
    %fork TD_testbench.reset, S_0x5598995d3480;
    %join;
    %pushi/vec4 12, 0, 16;
    %assign/vec4 v0x5598995d40a0_0, 0;
    %wait E_0x559899598920;
    %fork t_1, S_0x5598995d37f0;
    %jmp t_0;
    .scope S_0x5598995d37f0;
t_1 ;
    %pushi/vec4 0, 0, 32;
    %store/vec4 v0x5598995d39d0_0, 0, 32;
T_1.4 ;
    %load/vec4 v0x5598995d39d0_0;
    %cmpi/s 100, 0, 32;
    %jmp/0xz T_1.5, 5;
    %load/vec4 v0x5598995d39d0_0;
    %pad/s 16;
    %assign/vec4 v0x5598995d40a0_0, 0;
    %wait E_0x559899598920;
    %load/vec4 v0x5598995d39d0_0;
    %muli 3, 0, 32;
    %addi 1, 0, 32;
    %cast2;
    %store/vec4 v0x5598995d39d0_0, 0, 32;
    %jmp T_1.4;
T_1.5 ;
    %end;
    .scope S_0x5598995d3610;
t_0 %join;
    %pushi/vec4 20, 0, 32;
T_1.6 %dup/vec4;
    %pushi/vec4 0, 0, 32;
    %cmp/s;
    %jmp/1xz T_1.7, 5;
    %jmp/1 T_1.7, 4;
    %pushi/vec4 1, 0, 32;
    %sub;
    %vpi_func 3 103 "$urandom" 32 {0 0 0};
    %pad/u 12;
    %pad/u 16;
    %assign/vec4 v0x5598995d40a0_0, 0;
    %wait E_0x559899598920;
    %jmp T_1.6;
T_1.7 ;
    %pop/vec4 1;
    %end;
S_0x5598995d37f0 .scope begin, "$ivl_for_loop0" "$ivl_for_loop0" 3 86, 3 86 0, S_0x5598995d3610;
 .timescale 0 0;
v0x5598995d39d0_0 .var/2s "i", 31 0;
    .scope S_0x5598995d0c50;
T_2 ;
    %wait E_0x559899598920;
    %load/vec4 v0x55989958d810_0;
    %assign/vec4 v0x5598995d0fe0_0, 0;
    %jmp T_2;
    .thread T_2;
    .scope S_0x5598995d1470;
T_3 ;
Ewait_0 .event/or E_0x55989957ff30, E_0x0;
    %wait Ewait_0;
    %load/vec4 v0x5598995d17d0_0;
    %pad/s 44;
    %cmpi/s 4096, 0, 44;
    %flag_inv 5; GE is !LT
    %jmp/0xz  T_3.0, 5;
    %pushi/vec4 2048, 0, 32;
    %store/vec4 v0x5598995d18d0_0, 0, 32;
    %jmp T_3.1;
T_3.0 ;
    %load/vec4 v0x5598995d17d0_0;
    %pad/s 44;
    %pushi/vec4 4294967295, 0, 32;
    %concati/vec4 0, 0, 12;
    %cmp/s;
    %flag_or 5, 4;
    %jmp/0xz  T_3.2, 5;
    %pushi/vec4 4294965248, 0, 32;
    %store/vec4 v0x5598995d18d0_0, 0, 32;
    %jmp T_3.3;
T_3.2 ;
    %load/vec4 v0x5598995d17d0_0;
    %pad/s 44;
    %muli 3, 0, 44;
    %load/vec4 v0x5598995d17d0_0;
    %pad/s 44;
    %load/vec4 v0x5598995d17d0_0;
    %pad/s 44;
    %mul;
    %pushi/vec4 4096, 0, 44;
    %div/s;
    %load/vec4 v0x5598995d17d0_0;
    %pad/s 44;
    %mul;
    %pushi/vec4 4096, 0, 44;
    %div/s;
    %add;
    %pushi/vec4 4, 0, 44;
    %div/s;
    %cast2;
    %pad/s 32;
    %store/vec4 v0x5598995d18d0_0, 0, 32;
T_3.3 ;
T_3.1 ;
    %jmp T_3;
    .thread T_3, $push;
    .scope S_0x5598995d0860;
T_4 ;
    %wait E_0x559899598920;
    %load/vec4 v0x559899589be0_0;
    %assign/vec4 v0x559899592740_0, 0;
    %jmp T_4;
    .thread T_4;
    .scope S_0x55989958dbd0;
T_5 ;
    %pushi/vec4 0, 0, 32;
    %store/vec4 v0x5598995d3c90_0, 0, 32;
    %pushi/vec4 0, 0, 1;
    %store/vec4 v0x5598995d4300_0, 0, 1;
    %end;
    .thread T_5, $init;
    .scope S_0x55989958dbd0;
T_6 ;
    %pushi/vec4 1, 0, 1;
    %store/vec4 v0x5598995d3bd0_0, 0, 1;
T_6.0 ;
    %delay 5, 0;
    %load/vec4 v0x5598995d3bd0_0;
    %inv;
    %store/vec4 v0x5598995d3bd0_0, 0, 1;
    %jmp T_6.0;
    %end;
    .thread T_6;
    .scope S_0x55989958dbd0;
T_7 ;
    %vpi_call/w 3 125 "$dumpvars" {0 0 0};
    %fork TD_testbench.run, S_0x5598995d3610;
    %join;
    %vpi_call/w 3 130 "$finish" {0 0 0};
    %end;
    .thread T_7;
    .scope S_0x55989958dbd0;
T_8 ;
    %wait E_0x559899598920;
    %vpi_call/w 3 140 "$write", "%s time %7d cycle %5d", "verification/tb_effect_pipeline.sv", $time, v0x5598995d3c90_0 {0 0 0};
    %load/vec4 v0x5598995d3c90_0;
    %addi 1, 0, 32;
    %cast2;
    %assign/vec4 v0x5598995d3c90_0, 0;
    %vpi_call/w 3 159 "$display" {0 0 0};
    %jmp T_8;
    .thread T_8;
    .scope S_0x55989958dbd0;
T_9 ;
    %wait E_0x559899598920;
    %load/vec4 v0x5598995d3fe0_0;
    %flag_set/vec4 8;
    %jmp/0xz  T_9.0, 8;
    %ix/load 4, 0, 0;
    %null;
    %store/obj v0x5598995d3e10_0;
    %pushi/vec4 1, 0, 1;
    %store/vec4 v0x5598995d4300_0, 0, 1;
    %jmp T_9.1;
T_9.0 ;
    %load/vec4 v0x5598995d4300_0;
    %flag_set/vec4 8;
    %jmp/0xz  T_9.2, 8;
T_9.2 ;
T_9.1 ;
    %jmp T_9;
    .thread T_9;
    .scope S_0x55989958dbd0;
T_10 ;
    %vpi_func 3 237 "$size" 32, v0x5598995d3e10_0 {0 0 0};
    %cmpi/e 0, 0, 32;
    %jmp/0xz  T_10.0, 4;
    %vpi_call/w 3 239 "$display", "PASS %s", "verification/tb_effect_pipeline.sv" {0 0 0};
    %jmp T_10.1;
T_10.0 ;
    %vpi_call/w 3 243 "$write", "FAIL %s: data is left sitting in the model queue:", "verification/tb_effect_pipeline.sv" {0 0 0};
    %fork t_3, S_0x55989955bd40;
    %jmp t_2;
    .scope S_0x55989955bd40;
t_3 ;
    %pushi/vec4 0, 0, 32;
    %store/vec4 v0x55989958b030_0, 0, 32;
T_10.2 ;
    %load/vec4 v0x55989958b030_0;
    %vpi_func 3 246 "$size" 32, v0x5598995d3e10_0 {0 0 0};
    %cmp/u;
    %jmp/0xz T_10.3, 5;
    %vpi_func 3 247 "$size" 32, v0x5598995d3e10_0 {0 0 0};
    %load/vec4 v0x55989958b030_0;
    %sub;
    %subi 1, 0, 32;
    %ix/vec4/s 3;
    %load/dar/vec4 v0x5598995d3e10_0;
    %vpi_call/w 3 247 "$write", " %h", S<0,vec4,u16> {1 0 0};
    ; show_stmt_assign_vector: Get l-value for compressed += operand
    %load/vec4 v0x55989958b030_0;
    %pushi/vec4 1, 0, 32;
    %add;
    %cast2;
    %store/vec4 v0x55989958b030_0, 0, 32;
    %jmp T_10.2;
T_10.3 ;
    %end;
    .scope S_0x55989958dbd0;
t_2 %join;
    %vpi_call/w 3 249 "$display" {0 0 0};
T_10.1 ;
    %end;
    .thread T_10, $final;
    .scope S_0x55989958dbd0;
T_11 ;
    %wait E_0x559899598920;
    %load/vec4 v0x5598995d3fe0_0;
    %flag_set/vec4 8;
    %jmp/0xz  T_11.0, 8;
    %pushi/vec4 0, 0, 33;
    %assign/vec4 v0x5598995d3d30_0, 0;
    %pushi/vec4 0, 0, 33;
    %assign/vec4 v0x5598995d3ad0_0, 0;
    %pushi/vec4 0, 0, 33;
    %assign/vec4 v0x5598995d3f00_0, 0;
    %jmp T_11.1;
T_11.0 ;
    %load/vec4 v0x5598995d3d30_0;
    %addi 1, 0, 33;
    %assign/vec4 v0x5598995d3d30_0, 0;
T_11.1 ;
    %jmp T_11;
    .thread T_11;
    .scope S_0x55989958dbd0;
T_12 ;
    %vpi_call/w 3 279 "$display", "\012\012number of transfers : arg %0d res %0d per %0d cycles", v0x5598995d3ad0_0, v0x5598995d3f00_0, v0x5598995d3d30_0 {0 0 0};
    %end;
    .thread T_12, $final;
    .scope S_0x55989958dbd0;
T_13 ;
    %pushi/vec4 5000, 0, 32;
T_13.0 %dup/vec4;
    %pushi/vec4 0, 0, 32;
    %cmp/s;
    %jmp/1xz T_13.1, 5;
    %jmp/1 T_13.1, 4;
    %pushi/vec4 1, 0, 32;
    %sub;
    %wait E_0x559899598920;
    %jmp T_13.0;
T_13.1 ;
    %pop/vec4 1;
    %vpi_call/w 3 288 "$display", "FAIL %s: timeout!", "verification/tb_effect_pipeline.sv" {0 0 0};
    %vpi_call/w 3 289 "$finish" {0 0 0};
    %end;
    .thread T_13;
# The file index is used to find the file name in the following table.
:file_names 9;
    "N/A";
    "<interactive>";
    "-";
    "verification/tb_effect_pipeline.sv";
    "effects_pipeline.sv";
    "util_modules/latch.sv";
    "distortion.sv";
    "distortion_clamp.sv";
    "gain.sv";
